{"D:\\Lenka\\RS-school react 2025\\react-rsschool\\class-components\\src\\App.tsx": {"path":"D:\\Lenka\\RS-school react 2025\\react-rsschool\\class-components\\src\\App.tsx","all":true,"statementMap":{"0":{"start":{"line":1,"column":0},"end":{"line":1,"column":34}},"1":{"start":{"line":2,"column":0},"end":{"line":2,"column":19}},"2":{"start":{"line":3,"column":0},"end":{"line":3,"column":52}},"3":{"start":{"line":4,"column":0},"end":{"line":4,"column":46}},"4":{"start":{"line":5,"column":0},"end":{"line":5,"column":56}},"5":{"start":{"line":6,"column":0},"end":{"line":6,"column":0}},"6":{"start":{"line":7,"column":0},"end":{"line":7,"column":62}},"7":{"start":{"line":8,"column":0},"end":{"line":8,"column":45}},"8":{"start":{"line":9,"column":0},"end":{"line":9,"column":17}},"9":{"start":{"line":10,"column":0},"end":{"line":10,"column":18}},"10":{"start":{"line":11,"column":0},"end":{"line":11,"column":15}},"11":{"start":{"line":12,"column":0},"end":{"line":12,"column":6}},"12":{"start":{"line":13,"column":0},"end":{"line":13,"column":3}},"13":{"start":{"line":14,"column":0},"end":{"line":14,"column":44}},"14":{"start":{"line":15,"column":0},"end":{"line":15,"column":28}},"15":{"start":{"line":16,"column":0},"end":{"line":16,"column":40}},"16":{"start":{"line":17,"column":0},"end":{"line":17,"column":4}},"17":{"start":{"line":18,"column":0},"end":{"line":18,"column":12}},"18":{"start":{"line":19,"column":0},"end":{"line":19,"column":12}},"19":{"start":{"line":20,"column":0},"end":{"line":20,"column":8}},"20":{"start":{"line":21,"column":0},"end":{"line":21,"column":55}},"21":{"start":{"line":22,"column":0},"end":{"line":22,"column":39}},"22":{"start":{"line":23,"column":0},"end":{"line":23,"column":9}},"23":{"start":{"line":24,"column":0},"end":{"line":24,"column":6}},"24":{"start":{"line":25,"column":0},"end":{"line":25,"column":3}},"25":{"start":{"line":26,"column":0},"end":{"line":26,"column":1}},"26":{"start":{"line":27,"column":0},"end":{"line":27,"column":0}},"27":{"start":{"line":28,"column":0},"end":{"line":28,"column":19}}},"s":{"0":0,"1":0,"2":0,"3":0,"4":0,"5":0,"6":0,"7":0,"8":0,"9":0,"10":0,"11":0,"12":0,"13":0,"14":0,"15":0,"16":0,"17":0,"18":0,"19":0,"20":0,"21":0,"22":0,"23":0,"24":0,"25":0,"26":0,"27":0},"branchMap":{"0":{"type":"branch","line":1,"loc":{"start":{"line":1,"column":0},"end":{"line":28,"column":19}},"locations":[{"start":{"line":1,"column":0},"end":{"line":28,"column":19}}]}},"b":{"0":[0]},"fnMap":{"0":{"name":"(empty-report)","decl":{"start":{"line":1,"column":0},"end":{"line":28,"column":19}},"loc":{"start":{"line":1,"column":0},"end":{"line":28,"column":19}},"line":1}},"f":{"0":0}}
,"D:\\Lenka\\RS-school react 2025\\react-rsschool\\class-components\\src\\main.tsx": {"path":"D:\\Lenka\\RS-school react 2025\\react-rsschool\\class-components\\src\\main.tsx","all":true,"statementMap":{"0":{"start":{"line":1,"column":0},"end":{"line":1,"column":35}},"1":{"start":{"line":2,"column":0},"end":{"line":2,"column":46}},"2":{"start":{"line":3,"column":0},"end":{"line":3,"column":21}},"3":{"start":{"line":4,"column":0},"end":{"line":4,"column":28}},"4":{"start":{"line":5,"column":0},"end":{"line":5,"column":0}},"5":{"start":{"line":6,"column":0},"end":{"line":6,"column":68}},"6":{"start":{"line":7,"column":0},"end":{"line":7,"column":52}},"7":{"start":{"line":8,"column":0},"end":{"line":8,"column":14}},"8":{"start":{"line":9,"column":0},"end":{"line":9,"column":11}},"9":{"start":{"line":10,"column":0},"end":{"line":10,"column":15}},"10":{"start":{"line":11,"column":0},"end":{"line":11,"column":2}}},"s":{"0":0,"1":0,"2":0,"3":0,"4":0,"5":0,"6":0,"7":0,"8":0,"9":0,"10":0},"branchMap":{"0":{"type":"branch","line":1,"loc":{"start":{"line":1,"column":0},"end":{"line":11,"column":2}},"locations":[{"start":{"line":1,"column":0},"end":{"line":11,"column":2}}]}},"b":{"0":[0]},"fnMap":{"0":{"name":"(empty-report)","decl":{"start":{"line":1,"column":0},"end":{"line":11,"column":2}},"loc":{"start":{"line":1,"column":0},"end":{"line":11,"column":2}},"line":1}},"f":{"0":0}}
,"D:\\Lenka\\RS-school react 2025\\react-rsschool\\class-components\\src\\components\\Card\\Card.tsx": {"path":"D:\\Lenka\\RS-school react 2025\\react-rsschool\\class-components\\src\\components\\Card\\Card.tsx","all":false,"statementMap":{"0":{"start":{"line":1,"column":0},"end":{"line":1,"column":41}},"2":{"start":{"line":3,"column":0},"end":{"line":3,"column":20}},"4":{"start":{"line":5,"column":0},"end":{"line":5,"column":48}},"5":{"start":{"line":6,"column":0},"end":{"line":6,"column":12}},"6":{"start":{"line":7,"column":0},"end":{"line":7,"column":31}},"7":{"start":{"line":8,"column":0},"end":{"line":8,"column":34}},"8":{"start":{"line":9,"column":0},"end":{"line":9,"column":48}},"9":{"start":{"line":10,"column":0},"end":{"line":10,"column":73}},"10":{"start":{"line":11,"column":0},"end":{"line":11,"column":12}},"11":{"start":{"line":12,"column":0},"end":{"line":12,"column":8}},"12":{"start":{"line":13,"column":0},"end":{"line":13,"column":30}},"13":{"start":{"line":14,"column":0},"end":{"line":14,"column":39}},"14":{"start":{"line":15,"column":0},"end":{"line":15,"column":53}},"15":{"start":{"line":16,"column":0},"end":{"line":16,"column":16}},"16":{"start":{"line":17,"column":0},"end":{"line":17,"column":41}},"17":{"start":{"line":18,"column":0},"end":{"line":18,"column":70}},"18":{"start":{"line":19,"column":0},"end":{"line":19,"column":45}},"19":{"start":{"line":20,"column":0},"end":{"line":20,"column":57}},"20":{"start":{"line":21,"column":0},"end":{"line":21,"column":16}},"21":{"start":{"line":22,"column":0},"end":{"line":22,"column":16}},"22":{"start":{"line":23,"column":0},"end":{"line":23,"column":14}},"23":{"start":{"line":24,"column":0},"end":{"line":24,"column":9}},"25":{"start":{"line":26,"column":0},"end":{"line":26,"column":3}},"26":{"start":{"line":27,"column":0},"end":{"line":27,"column":1}}},"s":{"0":1,"2":1,"4":1,"5":1,"6":4,"7":4,"8":4,"9":4,"10":4,"11":4,"12":4,"13":4,"14":4,"15":4,"16":4,"17":4,"18":4,"19":4,"20":4,"21":4,"22":4,"23":4,"25":4,"26":1},"branchMap":{"0":{"type":"branch","line":6,"loc":{"start":{"line":6,"column":2},"end":{"line":26,"column":3}},"locations":[{"start":{"line":6,"column":2},"end":{"line":26,"column":3}}]},"1":{"type":"branch","line":9,"loc":{"start":{"line":9,"column":17},"end":{"line":9,"column":32}},"locations":[{"start":{"line":9,"column":17},"end":{"line":9,"column":32}}]},"2":{"type":"branch","line":9,"loc":{"start":{"line":9,"column":24},"end":{"line":9,"column":48}},"locations":[{"start":{"line":9,"column":24},"end":{"line":9,"column":48}}]},"3":{"type":"branch","line":10,"loc":{"start":{"line":10,"column":24},"end":{"line":10,"column":46}},"locations":[{"start":{"line":10,"column":24},"end":{"line":10,"column":46}}]},"4":{"type":"branch","line":10,"loc":{"start":{"line":10,"column":31},"end":{"line":10,"column":73}},"locations":[{"start":{"line":10,"column":31},"end":{"line":10,"column":73}}]},"5":{"type":"branch","line":15,"loc":{"start":{"line":15,"column":36},"end":{"line":15,"column":51}},"locations":[{"start":{"line":15,"column":36},"end":{"line":15,"column":51}}]},"6":{"type":"branch","line":18,"loc":{"start":{"line":18,"column":41},"end":{"line":18,"column":65}},"locations":[{"start":{"line":18,"column":41},"end":{"line":18,"column":65}}]},"7":{"type":"branch","line":20,"loc":{"start":{"line":20,"column":15},"end":{"line":20,"column":57}},"locations":[{"start":{"line":20,"column":15},"end":{"line":20,"column":57}}]}},"b":{"0":[4],"1":[3],"2":[1],"3":[3],"4":[3],"5":[0],"6":[0],"7":[0]},"fnMap":{"0":{"name":"render","decl":{"start":{"line":6,"column":2},"end":{"line":26,"column":3}},"loc":{"start":{"line":6,"column":2},"end":{"line":26,"column":3}},"line":6}},"f":{"0":4}}
,"D:\\Lenka\\RS-school react 2025\\react-rsschool\\class-components\\src\\components\\CardList\\CardList.tsx": {"path":"D:\\Lenka\\RS-school react 2025\\react-rsschool\\class-components\\src\\components\\CardList\\CardList.tsx","all":false,"statementMap":{"0":{"start":{"line":1,"column":0},"end":{"line":1,"column":41}},"1":{"start":{"line":2,"column":0},"end":{"line":2,"column":36}},"2":{"start":{"line":3,"column":0},"end":{"line":3,"column":24}},"5":{"start":{"line":6,"column":0},"end":{"line":6,"column":56}},"6":{"start":{"line":7,"column":0},"end":{"line":7,"column":12}},"7":{"start":{"line":8,"column":0},"end":{"line":8,"column":32}},"8":{"start":{"line":9,"column":0},"end":{"line":9,"column":22}},"11":{"start":{"line":12,"column":0},"end":{"line":12,"column":12}},"12":{"start":{"line":13,"column":0},"end":{"line":13,"column":32}},"13":{"start":{"line":14,"column":0},"end":{"line":14,"column":28}},"14":{"start":{"line":15,"column":0},"end":{"line":15,"column":41}},"15":{"start":{"line":16,"column":0},"end":{"line":16,"column":11}},"16":{"start":{"line":17,"column":0},"end":{"line":17,"column":12}},"18":{"start":{"line":19,"column":0},"end":{"line":19,"column":3}},"19":{"start":{"line":20,"column":0},"end":{"line":20,"column":1}}},"s":{"0":1,"1":1,"2":1,"5":1,"6":1,"7":2,"8":2,"11":2,"12":2,"13":2,"14":2,"15":2,"16":2,"18":2,"19":1},"branchMap":{"0":{"type":"branch","line":7,"loc":{"start":{"line":7,"column":2},"end":{"line":19,"column":3}},"locations":[{"start":{"line":7,"column":2},"end":{"line":19,"column":3}}]},"1":{"type":"branch","line":14,"loc":{"start":{"line":14,"column":18},"end":{"line":15,"column":41}},"locations":[{"start":{"line":14,"column":18},"end":{"line":15,"column":41}}]}},"b":{"0":[2],"1":[2]},"fnMap":{"0":{"name":"render","decl":{"start":{"line":7,"column":2},"end":{"line":19,"column":3}},"loc":{"start":{"line":7,"column":2},"end":{"line":19,"column":3}},"line":7}},"f":{"0":2}}
,"D:\\Lenka\\RS-school react 2025\\react-rsschool\\class-components\\src\\components\\Header\\Header.tsx": {"path":"D:\\Lenka\\RS-school react 2025\\react-rsschool\\class-components\\src\\components\\Header\\Header.tsx","all":false,"statementMap":{"0":{"start":{"line":1,"column":0},"end":{"line":1,"column":41}},"1":{"start":{"line":2,"column":0},"end":{"line":2,"column":42}},"2":{"start":{"line":3,"column":0},"end":{"line":3,"column":45}},"3":{"start":{"line":4,"column":0},"end":{"line":4,"column":22}},"5":{"start":{"line":6,"column":0},"end":{"line":6,"column":59}},"7":{"start":{"line":8,"column":0},"end":{"line":8,"column":65}},"8":{"start":{"line":9,"column":0},"end":{"line":9,"column":27}},"9":{"start":{"line":10,"column":0},"end":{"line":10,"column":35}},"10":{"start":{"line":11,"column":0},"end":{"line":11,"column":17}},"11":{"start":{"line":12,"column":0},"end":{"line":12,"column":18}},"12":{"start":{"line":13,"column":0},"end":{"line":13,"column":21}},"13":{"start":{"line":14,"column":0},"end":{"line":14,"column":6}},"14":{"start":{"line":15,"column":0},"end":{"line":15,"column":3}},"15":{"start":{"line":16,"column":0},"end":{"line":16,"column":21}},"16":{"start":{"line":17,"column":0},"end":{"line":17,"column":37}},"17":{"start":{"line":18,"column":0},"end":{"line":18,"column":66}},"18":{"start":{"line":19,"column":0},"end":{"line":19,"column":46}},"19":{"start":{"line":20,"column":0},"end":{"line":20,"column":58}},"21":{"start":{"line":22,"column":0},"end":{"line":22,"column":29}},"22":{"start":{"line":23,"column":0},"end":{"line":23,"column":51}},"23":{"start":{"line":24,"column":0},"end":{"line":24,"column":5}},"24":{"start":{"line":25,"column":0},"end":{"line":25,"column":19}},"25":{"start":{"line":26,"column":0},"end":{"line":26,"column":16}},"26":{"start":{"line":27,"column":0},"end":{"line":27,"column":33}},"27":{"start":{"line":28,"column":0},"end":{"line":28,"column":8}},"28":{"start":{"line":29,"column":0},"end":{"line":29,"column":6}},"29":{"start":{"line":30,"column":0},"end":{"line":30,"column":42}},"30":{"start":{"line":31,"column":0},"end":{"line":31,"column":35}},"31":{"start":{"line":32,"column":0},"end":{"line":32,"column":26}},"32":{"start":{"line":33,"column":0},"end":{"line":33,"column":38}},"33":{"start":{"line":34,"column":0},"end":{"line":34,"column":40}},"34":{"start":{"line":35,"column":0},"end":{"line":35,"column":9}},"35":{"start":{"line":36,"column":0},"end":{"line":36,"column":8}},"36":{"start":{"line":37,"column":0},"end":{"line":37,"column":25}},"37":{"start":{"line":38,"column":0},"end":{"line":38,"column":53}},"38":{"start":{"line":39,"column":0},"end":{"line":39,"column":8}},"39":{"start":{"line":40,"column":0},"end":{"line":40,"column":22}},"40":{"start":{"line":41,"column":0},"end":{"line":41,"column":42}},"41":{"start":{"line":42,"column":0},"end":{"line":42,"column":9}},"42":{"start":{"line":43,"column":0},"end":{"line":43,"column":4}},"44":{"start":{"line":45,"column":0},"end":{"line":45,"column":12}},"45":{"start":{"line":46,"column":0},"end":{"line":46,"column":12}},"46":{"start":{"line":47,"column":0},"end":{"line":47,"column":8}},"47":{"start":{"line":48,"column":0},"end":{"line":48,"column":35}},"48":{"start":{"line":49,"column":0},"end":{"line":49,"column":46}},"49":{"start":{"line":50,"column":0},"end":{"line":50,"column":42}},"50":{"start":{"line":51,"column":0},"end":{"line":51,"column":57}},"51":{"start":{"line":52,"column":0},"end":{"line":52,"column":18}},"52":{"start":{"line":53,"column":0},"end":{"line":53,"column":51}},"53":{"start":{"line":54,"column":0},"end":{"line":54,"column":16}},"54":{"start":{"line":55,"column":0},"end":{"line":55,"column":47}},"55":{"start":{"line":56,"column":0},"end":{"line":56,"column":18}},"56":{"start":{"line":57,"column":0},"end":{"line":57,"column":39}},"57":{"start":{"line":58,"column":0},"end":{"line":58,"column":20}},"58":{"start":{"line":59,"column":0},"end":{"line":59,"column":54}},"59":{"start":{"line":60,"column":0},"end":{"line":60,"column":21}},"60":{"start":{"line":61,"column":0},"end":{"line":61,"column":19}},"61":{"start":{"line":62,"column":0},"end":{"line":62,"column":40}},"62":{"start":{"line":63,"column":0},"end":{"line":63,"column":38}},"63":{"start":{"line":64,"column":0},"end":{"line":64,"column":43}},"65":{"start":{"line":66,"column":0},"end":{"line":66,"column":60}},"66":{"start":{"line":67,"column":0},"end":{"line":67,"column":21}},"67":{"start":{"line":68,"column":0},"end":{"line":68,"column":16}},"68":{"start":{"line":69,"column":0},"end":{"line":69,"column":17}},"69":{"start":{"line":70,"column":0},"end":{"line":70,"column":9}},"71":{"start":{"line":72,"column":0},"end":{"line":72,"column":3}},"72":{"start":{"line":73,"column":0},"end":{"line":73,"column":1}}},"s":{"0":1,"1":1,"2":1,"3":1,"5":1,"7":1,"8":4,"9":4,"10":4,"11":4,"12":4,"13":4,"14":4,"15":4,"16":3,"17":3,"18":3,"19":3,"21":3,"22":1,"23":1,"24":3,"25":3,"26":3,"27":3,"28":3,"29":3,"30":3,"31":3,"32":3,"33":3,"34":3,"35":3,"36":3,"37":0,"38":3,"39":3,"40":3,"41":3,"42":3,"44":4,"45":9,"46":9,"47":9,"48":9,"49":9,"50":9,"51":9,"52":9,"53":9,"54":9,"55":9,"56":9,"57":9,"58":9,"59":9,"60":9,"61":9,"62":9,"63":9,"65":9,"66":9,"67":9,"68":9,"69":9,"71":9,"72":4},"branchMap":{"0":{"type":"branch","line":8,"loc":{"start":{"line":8,"column":64},"end":{"line":73,"column":1}},"locations":[{"start":{"line":8,"column":64},"end":{"line":73,"column":1}}]},"1":{"type":"branch","line":10,"loc":{"start":{"line":10,"column":2},"end":{"line":15,"column":3}},"locations":[{"start":{"line":10,"column":2},"end":{"line":15,"column":3}}]},"2":{"type":"branch","line":16,"loc":{"start":{"line":16,"column":14},"end":{"line":43,"column":4}},"locations":[{"start":{"line":16,"column":14},"end":{"line":43,"column":4}}]},"3":{"type":"branch","line":18,"loc":{"start":{"line":18,"column":58},"end":{"line":18,"column":66}},"locations":[{"start":{"line":18,"column":58},"end":{"line":18,"column":66}}]},"4":{"type":"branch","line":19,"loc":{"start":{"line":19,"column":35},"end":{"line":19,"column":43}},"locations":[{"start":{"line":19,"column":35},"end":{"line":19,"column":43}}]},"5":{"type":"branch","line":19,"loc":{"start":{"line":19,"column":39},"end":{"line":19,"column":46}},"locations":[{"start":{"line":19,"column":39},"end":{"line":19,"column":46}}]},"6":{"type":"branch","line":22,"loc":{"start":{"line":22,"column":28},"end":{"line":24,"column":5}},"locations":[{"start":{"line":22,"column":28},"end":{"line":24,"column":5}}]},"7":{"type":"branch","line":30,"loc":{"start":{"line":30,"column":12},"end":{"line":30,"column":41}},"locations":[{"start":{"line":30,"column":12},"end":{"line":30,"column":41}}]},"8":{"type":"branch","line":31,"loc":{"start":{"line":31,"column":12},"end":{"line":36,"column":7}},"locations":[{"start":{"line":31,"column":12},"end":{"line":36,"column":7}}]},"9":{"type":"branch","line":40,"loc":{"start":{"line":40,"column":15},"end":{"line":42,"column":7}},"locations":[{"start":{"line":40,"column":15},"end":{"line":42,"column":7}}]},"10":{"type":"branch","line":45,"loc":{"start":{"line":45,"column":2},"end":{"line":72,"column":3}},"locations":[{"start":{"line":45,"column":2},"end":{"line":72,"column":3}}]},"11":{"type":"branch","line":66,"loc":{"start":{"line":66,"column":26},"end":{"line":66,"column":51}},"locations":[{"start":{"line":66,"column":26},"end":{"line":66,"column":51}}]},"12":{"type":"branch","line":66,"loc":{"start":{"line":66,"column":36},"end":{"line":66,"column":60}},"locations":[{"start":{"line":66,"column":36},"end":{"line":66,"column":60}}]}},"b":{"0":[4],"1":[4],"2":[3],"3":[2],"4":[1],"5":[2],"6":[1],"7":[3],"8":[3],"9":[3],"10":[9],"11":[3],"12":[6]},"fnMap":{"0":{"name":"<instance_members_initializer>","decl":{"start":{"line":8,"column":64},"end":{"line":73,"column":1}},"loc":{"start":{"line":8,"column":64},"end":{"line":73,"column":1}},"line":8},"1":{"name":"Header","decl":{"start":{"line":10,"column":2},"end":{"line":15,"column":3}},"loc":{"start":{"line":10,"column":2},"end":{"line":15,"column":3}},"line":10},"2":{"name":"fetchCats","decl":{"start":{"line":16,"column":14},"end":{"line":43,"column":4}},"loc":{"start":{"line":16,"column":14},"end":{"line":43,"column":4}},"line":16},"3":{"name":"render","decl":{"start":{"line":45,"column":2},"end":{"line":72,"column":3}},"loc":{"start":{"line":45,"column":2},"end":{"line":72,"column":3}},"line":45}},"f":{"0":4,"1":4,"2":3,"3":9}}
,"D:\\Lenka\\RS-school react 2025\\react-rsschool\\class-components\\src\\components\\Main\\Main.tsx": {"path":"D:\\Lenka\\RS-school react 2025\\react-rsschool\\class-components\\src\\components\\Main\\Main.tsx","all":true,"statementMap":{"0":{"start":{"line":1,"column":0},"end":{"line":1,"column":41}},"1":{"start":{"line":2,"column":0},"end":{"line":2,"column":48}},"2":{"start":{"line":3,"column":0},"end":{"line":3,"column":51}},"3":{"start":{"line":4,"column":0},"end":{"line":4,"column":20}},"4":{"start":{"line":5,"column":0},"end":{"line":5,"column":63}},"5":{"start":{"line":6,"column":0},"end":{"line":6,"column":0}},"6":{"start":{"line":7,"column":0},"end":{"line":7,"column":48}},"7":{"start":{"line":8,"column":0},"end":{"line":8,"column":12}},"8":{"start":{"line":9,"column":0},"end":{"line":9,"column":33}},"9":{"start":{"line":10,"column":0},"end":{"line":10,"column":12}},"10":{"start":{"line":11,"column":0},"end":{"line":11,"column":8}},"11":{"start":{"line":12,"column":0},"end":{"line":12,"column":23}},"12":{"start":{"line":13,"column":0},"end":{"line":13,"column":33}},"13":{"start":{"line":14,"column":0},"end":{"line":14,"column":47}},"14":{"start":{"line":15,"column":0},"end":{"line":15,"column":17}},"15":{"start":{"line":16,"column":0},"end":{"line":16,"column":24}},"16":{"start":{"line":17,"column":0},"end":{"line":17,"column":9}},"17":{"start":{"line":18,"column":0},"end":{"line":18,"column":6}},"18":{"start":{"line":19,"column":0},"end":{"line":19,"column":3}},"19":{"start":{"line":20,"column":0},"end":{"line":20,"column":1}}},"s":{"0":0,"1":0,"2":0,"3":0,"4":0,"5":0,"6":0,"7":0,"8":0,"9":0,"10":0,"11":0,"12":0,"13":0,"14":0,"15":0,"16":0,"17":0,"18":0,"19":0},"branchMap":{"0":{"type":"branch","line":1,"loc":{"start":{"line":1,"column":0},"end":{"line":20,"column":1}},"locations":[{"start":{"line":1,"column":0},"end":{"line":20,"column":1}}]}},"b":{"0":[0]},"fnMap":{"0":{"name":"(empty-report)","decl":{"start":{"line":1,"column":0},"end":{"line":20,"column":1}},"loc":{"start":{"line":1,"column":0},"end":{"line":20,"column":1}},"line":1}},"f":{"0":0}}
,"D:\\Lenka\\RS-school react 2025\\react-rsschool\\class-components\\src\\components\\UI\\Button\\Button.tsx": {"path":"D:\\Lenka\\RS-school react 2025\\react-rsschool\\class-components\\src\\components\\UI\\Button\\Button.tsx","all":false,"statementMap":{"0":{"start":{"line":1,"column":0},"end":{"line":1,"column":41}},"2":{"start":{"line":3,"column":0},"end":{"line":3,"column":22}},"4":{"start":{"line":5,"column":0},"end":{"line":5,"column":52}},"5":{"start":{"line":6,"column":0},"end":{"line":6,"column":25}},"6":{"start":{"line":7,"column":0},"end":{"line":7,"column":19}},"7":{"start":{"line":8,"column":0},"end":{"line":8,"column":18}},"8":{"start":{"line":9,"column":0},"end":{"line":9,"column":4}},"9":{"start":{"line":10,"column":0},"end":{"line":10,"column":12}},"10":{"start":{"line":11,"column":0},"end":{"line":11,"column":63}},"11":{"start":{"line":12,"column":0},"end":{"line":12,"column":76}},"12":{"start":{"line":13,"column":0},"end":{"line":13,"column":12}},"13":{"start":{"line":14,"column":0},"end":{"line":14,"column":13}},"14":{"start":{"line":15,"column":0},"end":{"line":15,"column":18}},"15":{"start":{"line":16,"column":0},"end":{"line":16,"column":19}},"16":{"start":{"line":17,"column":0},"end":{"line":17,"column":73}},"18":{"start":{"line":19,"column":0},"end":{"line":19,"column":18}},"19":{"start":{"line":20,"column":0},"end":{"line":20,"column":15}},"21":{"start":{"line":22,"column":0},"end":{"line":22,"column":3}},"22":{"start":{"line":23,"column":0},"end":{"line":23,"column":1}}},"s":{"0":1,"2":1,"4":1,"5":2,"6":2,"7":2,"8":2,"9":2,"10":10,"11":10,"12":10,"13":10,"14":10,"15":10,"16":10,"18":10,"19":10,"21":10,"22":2},"branchMap":{"0":{"type":"branch","line":5,"loc":{"start":{"line":5,"column":51},"end":{"line":23,"column":1}},"locations":[{"start":{"line":5,"column":51},"end":{"line":23,"column":1}}]},"1":{"type":"branch","line":10,"loc":{"start":{"line":10,"column":2},"end":{"line":22,"column":3}},"locations":[{"start":{"line":10,"column":2},"end":{"line":22,"column":3}}]},"2":{"type":"branch","line":12,"loc":{"start":{"line":12,"column":38},"end":{"line":12,"column":53}},"locations":[{"start":{"line":12,"column":38},"end":{"line":12,"column":53}}]},"3":{"type":"branch","line":12,"loc":{"start":{"line":12,"column":61},"end":{"line":12,"column":76}},"locations":[{"start":{"line":12,"column":61},"end":{"line":12,"column":76}}]},"4":{"type":"branch","line":17,"loc":{"start":{"line":17,"column":29},"end":{"line":17,"column":50}},"locations":[{"start":{"line":17,"column":29},"end":{"line":17,"column":50}}]},"5":{"type":"branch","line":17,"loc":{"start":{"line":17,"column":58},"end":{"line":17,"column":73}},"locations":[{"start":{"line":17,"column":58},"end":{"line":17,"column":73}}]}},"b":{"0":[2],"1":[10],"2":[1],"3":[0],"4":[0],"5":[0]},"fnMap":{"0":{"name":"<static_initializer>","decl":{"start":{"line":5,"column":51},"end":{"line":23,"column":1}},"loc":{"start":{"line":5,"column":51},"end":{"line":23,"column":1}},"line":5},"1":{"name":"render","decl":{"start":{"line":10,"column":2},"end":{"line":22,"column":3}},"loc":{"start":{"line":10,"column":2},"end":{"line":22,"column":3}},"line":10}},"f":{"0":2,"1":10}}
,"D:\\Lenka\\RS-school react 2025\\react-rsschool\\class-components\\src\\components\\UI\\Input\\Input.tsx": {"path":"D:\\Lenka\\RS-school react 2025\\react-rsschool\\class-components\\src\\components\\UI\\Input\\Input.tsx","all":false,"statementMap":{"0":{"start":{"line":1,"column":0},"end":{"line":1,"column":41}},"2":{"start":{"line":3,"column":0},"end":{"line":3,"column":21}},"4":{"start":{"line":5,"column":0},"end":{"line":5,"column":62}},"5":{"start":{"line":6,"column":0},"end":{"line":6,"column":25}},"6":{"start":{"line":7,"column":0},"end":{"line":7,"column":18}},"7":{"start":{"line":8,"column":0},"end":{"line":8,"column":17}},"8":{"start":{"line":9,"column":0},"end":{"line":9,"column":18}},"9":{"start":{"line":10,"column":0},"end":{"line":10,"column":4}},"10":{"start":{"line":11,"column":0},"end":{"line":11,"column":34}},"11":{"start":{"line":12,"column":0},"end":{"line":12,"column":17}},"12":{"start":{"line":13,"column":0},"end":{"line":13,"column":18}},"13":{"start":{"line":14,"column":0},"end":{"line":14,"column":12}},"14":{"start":{"line":15,"column":0},"end":{"line":15,"column":77}},"15":{"start":{"line":16,"column":0},"end":{"line":16,"column":6}},"16":{"start":{"line":17,"column":0},"end":{"line":17,"column":3}},"17":{"start":{"line":18,"column":0},"end":{"line":18,"column":62}},"18":{"start":{"line":19,"column":0},"end":{"line":19,"column":33}},"19":{"start":{"line":20,"column":0},"end":{"line":20,"column":29}},"20":{"start":{"line":21,"column":0},"end":{"line":21,"column":52}},"21":{"start":{"line":22,"column":0},"end":{"line":22,"column":56}},"22":{"start":{"line":23,"column":0},"end":{"line":23,"column":47}},"23":{"start":{"line":24,"column":0},"end":{"line":24,"column":4}},"24":{"start":{"line":25,"column":0},"end":{"line":25,"column":12}},"25":{"start":{"line":26,"column":0},"end":{"line":26,"column":71}},"26":{"start":{"line":27,"column":0},"end":{"line":27,"column":17}},"27":{"start":{"line":28,"column":0},"end":{"line":28,"column":63}},"28":{"start":{"line":29,"column":0},"end":{"line":29,"column":35}},"29":{"start":{"line":30,"column":0},"end":{"line":30,"column":27}},"31":{"start":{"line":32,"column":0},"end":{"line":32,"column":12}},"32":{"start":{"line":33,"column":0},"end":{"line":33,"column":38}},"33":{"start":{"line":34,"column":0},"end":{"line":34,"column":19}},"34":{"start":{"line":35,"column":0},"end":{"line":35,"column":42}},"35":{"start":{"line":36,"column":0},"end":{"line":36,"column":19}},"36":{"start":{"line":37,"column":0},"end":{"line":37,"column":18}},"37":{"start":{"line":38,"column":0},"end":{"line":38,"column":49}},"38":{"start":{"line":39,"column":0},"end":{"line":39,"column":42}},"39":{"start":{"line":40,"column":0},"end":{"line":40,"column":38}},"40":{"start":{"line":41,"column":0},"end":{"line":41,"column":24}},"41":{"start":{"line":42,"column":0},"end":{"line":42,"column":14}},"42":{"start":{"line":43,"column":0},"end":{"line":43,"column":18}},"44":{"start":{"line":45,"column":0},"end":{"line":45,"column":20}},"45":{"start":{"line":46,"column":0},"end":{"line":46,"column":16}},"46":{"start":{"line":47,"column":0},"end":{"line":47,"column":47}},"47":{"start":{"line":48,"column":0},"end":{"line":48,"column":40}},"48":{"start":{"line":49,"column":0},"end":{"line":49,"column":36}},"49":{"start":{"line":50,"column":0},"end":{"line":50,"column":22}},"50":{"start":{"line":51,"column":0},"end":{"line":51,"column":12}},"52":{"start":{"line":53,"column":0},"end":{"line":53,"column":35}},"53":{"start":{"line":54,"column":0},"end":{"line":54,"column":69}},"55":{"start":{"line":56,"column":0},"end":{"line":56,"column":12}},"57":{"start":{"line":58,"column":0},"end":{"line":58,"column":3}},"58":{"start":{"line":59,"column":0},"end":{"line":59,"column":1}}},"s":{"0":1,"2":1,"4":1,"5":11,"6":11,"7":11,"8":11,"9":11,"10":11,"11":9,"12":9,"13":9,"14":9,"15":9,"16":9,"17":11,"18":1,"19":1,"20":1,"21":1,"22":1,"23":1,"24":11,"25":15,"26":15,"27":15,"28":15,"29":15,"31":15,"32":15,"33":15,"34":1,"35":1,"36":1,"37":1,"38":1,"39":1,"40":1,"41":1,"42":1,"44":15,"45":14,"46":14,"47":14,"48":14,"49":14,"50":14,"52":15,"53":1,"55":15,"57":15,"58":11},"branchMap":{"0":{"type":"branch","line":5,"loc":{"start":{"line":5,"column":61},"end":{"line":59,"column":1}},"locations":[{"start":{"line":5,"column":61},"end":{"line":59,"column":1}}]},"1":{"type":"branch","line":11,"loc":{"start":{"line":11,"column":2},"end":{"line":17,"column":3}},"locations":[{"start":{"line":11,"column":2},"end":{"line":17,"column":3}}]},"2":{"type":"branch","line":15,"loc":{"start":{"line":15,"column":42},"end":{"line":15,"column":74}},"locations":[{"start":{"line":15,"column":42},"end":{"line":15,"column":74}}]},"3":{"type":"branch","line":15,"loc":{"start":{"line":15,"column":53},"end":{"line":15,"column":69}},"locations":[{"start":{"line":15,"column":53},"end":{"line":15,"column":69}}]},"4":{"type":"branch","line":15,"loc":{"start":{"line":15,"column":69},"end":{"line":15,"column":77}},"locations":[{"start":{"line":15,"column":69},"end":{"line":15,"column":77}}]},"5":{"type":"branch","line":18,"loc":{"start":{"line":18,"column":17},"end":{"line":24,"column":4}},"locations":[{"start":{"line":18,"column":17},"end":{"line":24,"column":4}}]},"6":{"type":"branch","line":21,"loc":{"start":{"line":21,"column":29},"end":{"line":21,"column":52}},"locations":[{"start":{"line":21,"column":29},"end":{"line":21,"column":52}}]},"7":{"type":"branch","line":22,"loc":{"start":{"line":22,"column":29},"end":{"line":22,"column":56}},"locations":[{"start":{"line":22,"column":29},"end":{"line":22,"column":56}}]},"8":{"type":"branch","line":25,"loc":{"start":{"line":25,"column":2},"end":{"line":58,"column":3}},"locations":[{"start":{"line":25,"column":2},"end":{"line":58,"column":3}}]},"9":{"type":"branch","line":28,"loc":{"start":{"line":28,"column":32},"end":{"line":28,"column":57}},"locations":[{"start":{"line":28,"column":32},"end":{"line":28,"column":57}}]},"10":{"type":"branch","line":28,"loc":{"start":{"line":28,"column":40},"end":{"line":28,"column":59}},"locations":[{"start":{"line":28,"column":40},"end":{"line":28,"column":59}}]},"11":{"type":"branch","line":29,"loc":{"start":{"line":29,"column":6},"end":{"line":29,"column":33}},"locations":[{"start":{"line":29,"column":6},"end":{"line":29,"column":33}}]},"12":{"type":"branch","line":29,"loc":{"start":{"line":29,"column":15},"end":{"line":29,"column":35}},"locations":[{"start":{"line":29,"column":15},"end":{"line":29,"column":35}}]},"13":{"type":"branch","line":34,"loc":{"start":{"line":34,"column":9},"end":{"line":43,"column":18}},"locations":[{"start":{"line":34,"column":9},"end":{"line":43,"column":18}}]},"14":{"type":"branch","line":38,"loc":{"start":{"line":38,"column":25},"end":{"line":38,"column":49}},"locations":[{"start":{"line":38,"column":25},"end":{"line":38,"column":49}}]},"15":{"type":"branch","line":45,"loc":{"start":{"line":45,"column":10},"end":{"line":51,"column":12}},"locations":[{"start":{"line":45,"column":10},"end":{"line":51,"column":12}}]},"16":{"type":"branch","line":47,"loc":{"start":{"line":47,"column":23},"end":{"line":47,"column":47}},"locations":[{"start":{"line":47,"column":23},"end":{"line":47,"column":47}}]},"17":{"type":"branch","line":53,"loc":{"start":{"line":53,"column":9},"end":{"line":53,"column":35}},"locations":[{"start":{"line":53,"column":9},"end":{"line":53,"column":35}}]},"18":{"type":"branch","line":53,"loc":{"start":{"line":53,"column":18},"end":{"line":54,"column":69}},"locations":[{"start":{"line":53,"column":18},"end":{"line":54,"column":69}}]}},"b":{"0":[11],"1":[9],"2":[8],"3":[0],"4":[8],"5":[1],"6":[0],"7":[0],"8":[15],"9":[1],"10":[14],"11":[9],"12":[6],"13":[1],"14":[0],"15":[14],"16":[0],"17":[1],"18":[1]},"fnMap":{"0":{"name":"<instance_members_initializer>","decl":{"start":{"line":5,"column":61},"end":{"line":59,"column":1}},"loc":{"start":{"line":5,"column":61},"end":{"line":59,"column":1}},"line":5},"1":{"name":"Input","decl":{"start":{"line":11,"column":2},"end":{"line":17,"column":3}},"loc":{"start":{"line":11,"column":2},"end":{"line":17,"column":3}},"line":11},"2":{"name":"handleChange","decl":{"start":{"line":18,"column":17},"end":{"line":24,"column":4}},"loc":{"start":{"line":18,"column":17},"end":{"line":24,"column":4}},"line":18},"3":{"name":"render","decl":{"start":{"line":25,"column":2},"end":{"line":58,"column":3}},"loc":{"start":{"line":25,"column":2},"end":{"line":58,"column":3}},"line":25}},"f":{"0":11,"1":9,"2":1,"3":15}}
,"D:\\Lenka\\RS-school react 2025\\react-rsschool\\class-components\\src\\components\\constants\\constants.ts": {"path":"D:\\Lenka\\RS-school react 2025\\react-rsschool\\class-components\\src\\components\\constants\\constants.ts","all":false,"statementMap":{"0":{"start":{"line":1,"column":0},"end":{"line":1,"column":70}},"1":{"start":{"line":2,"column":0},"end":{"line":2,"column":69}},"2":{"start":{"line":3,"column":0},"end":{"line":3,"column":22}},"3":{"start":{"line":4,"column":0},"end":{"line":4,"column":74}}},"s":{"0":1,"1":1,"2":1,"3":1},"branchMap":{},"b":{},"fnMap":{},"f":{}}
,"D:\\Lenka\\RS-school react 2025\\react-rsschool\\class-components\\src\\components\\errorBoundery\\errorBoundary.tsx": {"path":"D:\\Lenka\\RS-school react 2025\\react-rsschool\\class-components\\src\\components\\errorBoundery\\errorBoundary.tsx","all":true,"statementMap":{"0":{"start":{"line":1,"column":0},"end":{"line":1,"column":73}},"1":{"start":{"line":2,"column":0},"end":{"line":2,"column":80}},"2":{"start":{"line":3,"column":0},"end":{"line":3,"column":29}},"3":{"start":{"line":4,"column":0},"end":{"line":4,"column":0}},"4":{"start":{"line":5,"column":0},"end":{"line":5,"column":45}},"5":{"start":{"line":6,"column":0},"end":{"line":6,"column":21}},"6":{"start":{"line":7,"column":0},"end":{"line":7,"column":20}},"7":{"start":{"line":8,"column":0},"end":{"line":8,"column":3}},"8":{"start":{"line":9,"column":0},"end":{"line":9,"column":42}},"9":{"start":{"line":10,"column":0},"end":{"line":10,"column":17}},"10":{"start":{"line":11,"column":0},"end":{"line":11,"column":37}},"11":{"start":{"line":12,"column":0},"end":{"line":12,"column":3}},"12":{"start":{"line":13,"column":0},"end":{"line":13,"column":78}},"13":{"start":{"line":14,"column":0},"end":{"line":14,"column":37}},"14":{"start":{"line":15,"column":0},"end":{"line":15,"column":3}},"15":{"start":{"line":16,"column":0},"end":{"line":16,"column":63}},"16":{"start":{"line":17,"column":0},"end":{"line":17,"column":70}},"17":{"start":{"line":18,"column":0},"end":{"line":18,"column":40}},"18":{"start":{"line":19,"column":0},"end":{"line":19,"column":3}},"19":{"start":{"line":20,"column":0},"end":{"line":20,"column":23}},"20":{"start":{"line":21,"column":0},"end":{"line":21,"column":30}},"21":{"start":{"line":22,"column":0},"end":{"line":22,"column":14}},"22":{"start":{"line":23,"column":0},"end":{"line":23,"column":39}},"23":{"start":{"line":24,"column":0},"end":{"line":24,"column":74}},"24":{"start":{"line":25,"column":0},"end":{"line":25,"column":14}},"25":{"start":{"line":26,"column":0},"end":{"line":26,"column":8}},"26":{"start":{"line":27,"column":0},"end":{"line":27,"column":5}},"27":{"start":{"line":28,"column":0},"end":{"line":28,"column":0}},"28":{"start":{"line":29,"column":0},"end":{"line":29,"column":31}},"29":{"start":{"line":30,"column":0},"end":{"line":30,"column":3}},"30":{"start":{"line":31,"column":0},"end":{"line":31,"column":1}}},"s":{"0":0,"1":0,"2":0,"3":0,"4":0,"5":0,"6":0,"7":0,"8":0,"9":0,"10":0,"11":0,"12":0,"13":0,"14":0,"15":0,"16":0,"17":0,"18":0,"19":0,"20":0,"21":0,"22":0,"23":0,"24":0,"25":0,"26":0,"27":0,"28":0,"29":0,"30":0},"branchMap":{"0":{"type":"branch","line":1,"loc":{"start":{"line":1,"column":0},"end":{"line":31,"column":1}},"locations":[{"start":{"line":1,"column":0},"end":{"line":31,"column":1}}]}},"b":{"0":[0]},"fnMap":{"0":{"name":"(empty-report)","decl":{"start":{"line":1,"column":0},"end":{"line":31,"column":1}},"loc":{"start":{"line":1,"column":0},"end":{"line":31,"column":1}},"line":1}},"f":{"0":0}}
}
